<?xml version="1.0" encoding="UTF-8"?>
<!-- Generated by org.testng.reporters.JUnitReportReporter -->
<testsuite hostname="Saranya" failures="0" tests="5" name="TestNGpkg.testnew" time="0.081" errors="0" timestamp="2024-02-15T22:54:28 IST" skipped="0">
  <testcase classname="TestNGpkg.testnew" name="createcourse" time="0.019"/>
  <testcase classname="TestNGpkg.testnew" name="createcategory" time="0.005"/>
  <testcase classname="TestNGpkg.testnew" name="login" time="0.019"/>
  <testcase classname="TestNGpkg.testnew" name="deletecategory" time="0.019"/>
  <testcase classname="TestNGpkg.testnew" name="deletecourse" time="0.019"/>
  <system-out>
    <![CDATA[Thread id: 28
Thread id: 26
Thread id: 28
Thread id: 29
Thread id: 28]]>
  </system-out>
</testsuite> <!-- TestNGpkg.testnew -->
