<?xml version="1.0" encoding="UTF-8"?>
<!-- Generated by org.testng.reporters.JUnitReportReporter -->
<testsuite hostname="Saranya" failures="0" tests="1" name="TestNGpkg.SoftAssert" time="0.009" errors="0" timestamp="2024-02-12T20:39:00 IST" skipped="0">
  <testcase classname="TestNGpkg.SoftAssert" name="test1" time="0.009"/>
</testsuite> <!-- TestNGpkg.SoftAssert -->
