<?xml version="1.0" encoding="UTF-8"?>
<!-- Generated by org.testng.reporters.JUnitReportReporter -->
<testsuite hostname="Saranya" failures="0" tests="1" name="testcases.Testcases" time="2.884" errors="0" timestamp="2024-02-22T07:55:52 IST" skipped="0">
  <testcase classname="testcases.Testcases" name="Login" time="2.884"/>
  <system-out/>
</testsuite> <!-- testcases.Testcases -->
