<?xml version="1.0" encoding="UTF-8"?>
<!-- Generated by org.testng.reporters.JUnitReportReporter -->
<testsuite hostname="Saranya" failures="0" tests="5" name="TestNGpkg.NewTest_1" time="0.017" errors="0" timestamp="2024-02-15T23:00:08 IST" skipped="0">
  <testcase classname="TestNGpkg.NewTest_1" name="test1" time="0.011">
    <system-out>
      <![CDATA[Thread id: 1]]>
    </system-out>
  </testcase> <!-- test1 -->
  <testcase classname="TestNGpkg.NewTest_1" name="test3" time="0.001">
    <system-out>
      <![CDATA[Thread id: 1]]>
    </system-out>
  </testcase> <!-- test3 -->
  <testcase classname="TestNGpkg.NewTest_1" name="test4" time="0.001">
    <system-out>
      <![CDATA[Thread id: 1]]>
    </system-out>
  </testcase> <!-- test4 -->
  <testcase classname="TestNGpkg.NewTest_1" name="test5" time="0.001">
    <system-out>
      <![CDATA[Thread id: 1]]>
    </system-out>
  </testcase> <!-- test5 -->
  <testcase classname="TestNGpkg.NewTest_1" name="test2" time="0.003">
    <system-out>
      <![CDATA[Thread id: 1]]>
    </system-out>
  </testcase> <!-- test2 -->
  <system-out>
    <![CDATA[Thread id: 1
Thread id: 1
Thread id: 1
Thread id: 1
Thread id: 1]]>
  </system-out>
</testsuite> <!-- TestNGpkg.NewTest_1 -->
