<?xml version="1.0" encoding="UTF-8"?>
<!-- Generated by org.testng.reporters.JUnitReportReporter -->
<testsuite hostname="Saranya" failures="0" tests="1" name="TestNGpkg.SoftAssert1" time="0.040" errors="0" timestamp="2024-02-15T22:54:28 IST" skipped="0">
  <testcase classname="TestNGpkg.SoftAssert1" name="test1" time="0.040"/>
  <system-out>
    <![CDATA[Thread id: 28
Thread id: 26
Thread id: 28
Thread id: 29
Thread id: 28]]>
  </system-out>
</testsuite> <!-- TestNGpkg.SoftAssert1 -->
