<?xml version="1.0" encoding="UTF-8"?>
<!-- Generated by org.testng.reporters.JUnitReportReporter -->
<testsuite hostname="Saranya" failures="0" tests="4" name="TestNGpkg.NewTest_Test2" time="0.011" errors="0" timestamp="2024-02-15T22:54:28 IST" skipped="0">
  <testcase classname="TestNGpkg.NewTest_Test2" name="deletecourse" time="0.006"/>
  <testcase classname="TestNGpkg.NewTest_Test2" name="createcourse" time="0.002"/>
  <testcase classname="TestNGpkg.NewTest_Test2" name="oklogout" time="0.001"/>
  <testcase classname="TestNGpkg.NewTest_Test2" name="loginApp" time="0.002"/>
  <system-out>
    <![CDATA[Thread id: 28
Thread id: 26
Thread id: 28
Thread id: 29
Thread id: 28]]>
  </system-out>
</testsuite> <!-- TestNGpkg.NewTest_Test2 -->
